2025-11-04 19:13:50,901 [INFO] [root] ✅ Логирование инициализировано
2025-11-04 19:13:57,114 [INFO] [root] ✅ Логирование инициализировано
2025-11-04 19:19:48,547 [INFO] [root] ✅ Логирование инициализировано
2025-11-04 19:19:51,813 [INFO] [__main__] ▶️ Запуск long polling
2025-11-04 19:20:20,128 [ERROR] [aiogram.dispatcher] Failed to fetch updates - TelegramNetworkError: HTTP Client says - ServerDisconnectedError: Server disconnected
2025-11-04 19:20:20,128 [WARNING] [aiogram.dispatcher] Sleep for 1.000000 seconds and try again... (tryings = 0, bot id = 8563450942)
2025-11-04 19:20:20,391 [INFO] [__main__] 🛑 Бот остановлен вручную (KeyboardInterrupt)
2025-11-04 19:20:22,072 [INFO] [root] ✅ Логирование инициализировано
2025-11-04 19:20:22,383 [INFO] [__main__] ▶️ Запуск long polling
2025-11-04 19:22:49,346 [ERROR] [aiogram.dispatcher] Failed to fetch updates - TelegramNetworkError: HTTP Client says - ServerDisconnectedError: Server disconnected
2025-11-04 19:22:49,347 [WARNING] [aiogram.dispatcher] Sleep for 1.000000 seconds and try again... (tryings = 0, bot id = 8563450942)
2025-11-04 19:22:49,607 [INFO] [__main__] 🛑 Бот остановлен вручную (KeyboardInterrupt)
2025-11-04 19:22:51,319 [INFO] [root] ✅ Логирование инициализировано
2025-11-04 19:22:51,663 [INFO] [__main__] ▶️ Запуск long polling
2025-11-04 19:23:19,805 [ERROR] [aiogram.dispatcher] Failed to fetch updates - TelegramNetworkError: HTTP Client says - ServerDisconnectedError: Server disconnected
2025-11-04 19:23:19,806 [WARNING] [aiogram.dispatcher] Sleep for 1.000000 seconds and try again... (tryings = 0, bot id = 8563450942)
2025-11-04 19:23:20,059 [INFO] [__main__] 🛑 Бот остановлен вручную (KeyboardInterrupt)
2025-11-04 19:23:21,698 [INFO] [root] ✅ Логирование инициализировано
2025-11-04 19:23:22,010 [INFO] [__main__] ▶️ Запуск long polling
2025-11-04 19:29:37,869 [ERROR] [aiogram.dispatcher] Failed to fetch updates - TelegramNetworkError: HTTP Client says - ServerDisconnectedError: Server disconnected
2025-11-04 19:29:37,869 [WARNING] [aiogram.dispatcher] Sleep for 1.000000 seconds and try again... (tryings = 0, bot id = 8563450942)
2025-11-04 19:29:38,123 [INFO] [__main__] 🛑 Бот остановлен вручную (KeyboardInterrupt)
2025-11-04 19:30:21,717 [INFO] [root] ✅ Логирование инициализировано
2025-11-04 19:30:22,034 [INFO] [__main__] ▶️ Запуск long polling
2025-11-04 19:40:12,169 [ERROR] [aiogram.dispatcher] Failed to fetch updates - TelegramNetworkError: HTTP Client says - ServerDisconnectedError: Server disconnected
2025-11-04 19:40:12,169 [WARNING] [aiogram.dispatcher] Sleep for 1.000000 seconds and try again... (tryings = 0, bot id = 8563450942)
2025-11-04 19:40:12,422 [INFO] [__main__] 🛑 Бот остановлен вручную (KeyboardInterrupt)
2025-11-04 19:40:13,975 [INFO] [root] ✅ Логирование инициализировано
2025-11-04 19:40:14,334 [INFO] [__main__] ▶️ Запуск long polling
2025-11-04 19:43:37,884 [ERROR] [aiogram.dispatcher] Failed to fetch updates - TelegramNetworkError: HTTP Client says - ServerDisconnectedError: Server disconnected
2025-11-04 19:43:37,884 [WARNING] [aiogram.dispatcher] Sleep for 1.000000 seconds and try again... (tryings = 0, bot id = 8563450942)
2025-11-04 19:43:38,147 [INFO] [__main__] 🛑 Бот остановлен вручную (KeyboardInterrupt)
2025-11-04 19:44:02,839 [INFO] [root] ✅ Логирование инициализировано
2025-11-04 19:44:03,143 [INFO] [__main__] ▶️ Запуск long polling
2025-11-04 19:50:45,637 [ERROR] [aiogram.dispatcher] Failed to fetch updates - TelegramNetworkError: HTTP Client says - ServerDisconnectedError: Server disconnected
2025-11-04 19:50:45,637 [WARNING] [aiogram.dispatcher] Sleep for 1.000000 seconds and try again... (tryings = 0, bot id = 8563450942)
2025-11-04 19:50:45,893 [INFO] [__main__] 🛑 Бот остановлен вручную (KeyboardInterrupt)
2025-11-04 19:50:47,641 [INFO] [root] ✅ Логирование инициализировано
2025-11-04 19:50:47,967 [INFO] [__main__] ▶️ Запуск long polling
2025-11-04 19:57:54,819 [ERROR] [aiogram.dispatcher] Failed to fetch updates - TelegramNetworkError: HTTP Client says - ServerDisconnectedError: Server disconnected
2025-11-04 19:57:54,819 [WARNING] [aiogram.dispatcher] Sleep for 1.000000 seconds and try again... (tryings = 0, bot id = 8563450942)
2025-11-04 19:57:55,078 [INFO] [__main__] 🛑 Бот остановлен вручную (KeyboardInterrupt)
2025-11-04 19:57:56,805 [INFO] [root] ✅ Логирование инициализировано
2025-11-04 19:57:57,137 [INFO] [__main__] ▶️ Запуск long polling
2025-11-04 20:20:28,277 [ERROR] [aiogram.dispatcher] Failed to fetch updates - TelegramNetworkError: HTTP Client says - ServerDisconnectedError: Server disconnected
2025-11-04 20:20:28,277 [WARNING] [aiogram.dispatcher] Sleep for 1.000000 seconds and try again... (tryings = 0, bot id = 8563450942)
2025-11-04 20:20:28,539 [INFO] [__main__] 🛑 Бот остановлен вручную (KeyboardInterrupt)
2025-11-04 20:20:30,149 [INFO] [root] ✅ Логирование инициализировано
2025-11-04 20:20:30,477 [INFO] [__main__] ▶️ Запуск long polling
2025-11-04 20:20:33,137 [ERROR] [aiogram.event] Cause exception while process update id=719443044 by bot id=8563450942
TelegramBadRequest: Telegram server says - Bad Request: BUTTON_DATA_INVALID
Traceback (most recent call last):
  File "C:\Users\Mihail\Documents\python\Rfab_Library\.venv\Lib\site-packages\aiogram\dispatcher\dispatcher.py", line 309, in _process_update
    response = await self.feed_update(bot, update, **kwargs)
               ^^^^^^^^^^^^^^^^^^^^^^^^^^^^^^^^^^^^^^^^^^^^^
  File "C:\Users\Mihail\Documents\python\Rfab_Library\.venv\Lib\site-packages\aiogram\dispatcher\dispatcher.py", line 158, in feed_update
    response = await self.update.wrap_outer_middleware(
               ^^^^^^^^^^^^^^^^^^^^^^^^^^^^^^^^^^^^^^^^
    ...<7 lines>...
    )
    ^
  File "C:\Users\Mihail\Documents\python\Rfab_Library\.venv\Lib\site-packages\aiogram\dispatcher\middlewares\error.py", line 25, in __call__
    return await handler(event, data)
           ^^^^^^^^^^^^^^^^^^^^^^^^^^
  File "C:\Users\Mihail\Documents\python\Rfab_Library\.venv\Lib\site-packages\aiogram\dispatcher\middlewares\user_context.py", line 56, in __call__
    return await handler(event, data)
           ^^^^^^^^^^^^^^^^^^^^^^^^^^
  File "C:\Users\Mihail\Documents\python\Rfab_Library\.venv\Lib\site-packages\aiogram\fsm\middleware.py", line 42, in __call__
    return await handler(event, data)
           ^^^^^^^^^^^^^^^^^^^^^^^^^^
  File "C:\Users\Mihail\Documents\python\Rfab_Library\.venv\Lib\site-packages\aiogram\dispatcher\event\telegram.py", line 121, in trigger
    return await wrapped_inner(event, kwargs)
           ^^^^^^^^^^^^^^^^^^^^^^^^^^^^^^^^^^
  File "C:\Users\Mihail\Documents\python\Rfab_Library\.venv\Lib\site-packages\aiogram\dispatcher\event\handler.py", line 43, in call
    return await wrapped()
           ^^^^^^^^^^^^^^^
  File "C:\Users\Mihail\Documents\python\Rfab_Library\.venv\Lib\site-packages\aiogram\dispatcher\dispatcher.py", line 276, in _listen_update
    return await self.propagate_event(update_type=update_type, event=event, **kwargs)
           ^^^^^^^^^^^^^^^^^^^^^^^^^^^^^^^^^^^^^^^^^^^^^^^^^^^^^^^^^^^^^^^^^^^^^^^^^^
  File "C:\Users\Mihail\Documents\python\Rfab_Library\.venv\Lib\site-packages\aiogram\dispatcher\router.py", line 146, in propagate_event
    return await observer.wrap_outer_middleware(_wrapped, event=event, data=kwargs)
           ^^^^^^^^^^^^^^^^^^^^^^^^^^^^^^^^^^^^^^^^^^^^^^^^^^^^^^^^^^^^^^^^^^^^^^^^
  File "C:\Users\Mihail\Documents\python\Rfab_Library\.venv\Lib\site-packages\aiogram\dispatcher\router.py", line 141, in _wrapped
    return await self._propagate_event(
           ^^^^^^^^^^^^^^^^^^^^^^^^^^^^
        observer=observer, update_type=update_type, event=telegram_event, **data
        ^^^^^^^^^^^^^^^^^^^^^^^^^^^^^^^^^^^^^^^^^^^^^^^^^^^^^^^^^^^^^^^^^^^^^^^^
    )
    ^
  File "C:\Users\Mihail\Documents\python\Rfab_Library\.venv\Lib\site-packages\aiogram\dispatcher\router.py", line 174, in _propagate_event
    response = await router.propagate_event(update_type=update_type, event=event, **kwargs)
               ^^^^^^^^^^^^^^^^^^^^^^^^^^^^^^^^^^^^^^^^^^^^^^^^^^^^^^^^^^^^^^^^^^^^^^^^^^^^
  File "C:\Users\Mihail\Documents\python\Rfab_Library\.venv\Lib\site-packages\aiogram\dispatcher\router.py", line 146, in propagate_event
    return await observer.wrap_outer_middleware(_wrapped, event=event, data=kwargs)
           ^^^^^^^^^^^^^^^^^^^^^^^^^^^^^^^^^^^^^^^^^^^^^^^^^^^^^^^^^^^^^^^^^^^^^^^^
  File "C:\Users\Mihail\Documents\python\Rfab_Library\.venv\Lib\site-packages\aiogram\dispatcher\router.py", line 141, in _wrapped
    return await self._propagate_event(
           ^^^^^^^^^^^^^^^^^^^^^^^^^^^^
        observer=observer, update_type=update_type, event=telegram_event, **data
        ^^^^^^^^^^^^^^^^^^^^^^^^^^^^^^^^^^^^^^^^^^^^^^^^^^^^^^^^^^^^^^^^^^^^^^^^
    )
    ^
  File "C:\Users\Mihail\Documents\python\Rfab_Library\.venv\Lib\site-packages\aiogram\dispatcher\router.py", line 166, in _propagate_event
    response = await observer.trigger(event, **kwargs)
               ^^^^^^^^^^^^^^^^^^^^^^^^^^^^^^^^^^^^^^^
  File "C:\Users\Mihail\Documents\python\Rfab_Library\.venv\Lib\site-packages\aiogram\dispatcher\event\telegram.py", line 121, in trigger
    return await wrapped_inner(event, kwargs)
           ^^^^^^^^^^^^^^^^^^^^^^^^^^^^^^^^^^
  File "C:\Users\Mihail\Documents\python\Rfab_Library\.venv\Lib\site-packages\aiogram\dispatcher\event\handler.py", line 43, in call
    return await wrapped()
           ^^^^^^^^^^^^^^^
  File "C:\Users\Mihail\Documents\python\Rfab_Library\menu\menu.py", line 63, in back_to_section
    await callback.message.edit_text(
    ...<2 lines>...
    )
  File "C:\Users\Mihail\Documents\python\Rfab_Library\.venv\Lib\site-packages\aiogram\methods\base.py", line 84, in emit
    return await bot(self)
           ^^^^^^^^^^^^^^^
  File "C:\Users\Mihail\Documents\python\Rfab_Library\.venv\Lib\site-packages\aiogram\client\bot.py", line 485, in __call__
    return await self.session(self, method, timeout=request_timeout)
           ^^^^^^^^^^^^^^^^^^^^^^^^^^^^^^^^^^^^^^^^^^^^^^^^^^^^^^^^^
  File "C:\Users\Mihail\Documents\python\Rfab_Library\.venv\Lib\site-packages\aiogram\client\session\base.py", line 254, in __call__
    return cast(TelegramType, await middleware(bot, method))
                              ^^^^^^^^^^^^^^^^^^^^^^^^^^^^^
  File "C:\Users\Mihail\Documents\python\Rfab_Library\.venv\Lib\site-packages\aiogram\client\session\aiohttp.py", line 185, in make_request
    response = self.check_response(
        bot=bot, method=method, status_code=resp.status, content=raw_result
    )
  File "C:\Users\Mihail\Documents\python\Rfab_Library\.venv\Lib\site-packages\aiogram\client\session\base.py", line 120, in check_response
    raise TelegramBadRequest(method=method, message=description)
aiogram.exceptions.TelegramBadRequest: Telegram server says - Bad Request: BUTTON_DATA_INVALID
2025-11-04 20:20:39,632 [ERROR] [aiogram.event] Cause exception while process update id=719443046 by bot id=8563450942
TelegramBadRequest: Telegram server says - Bad Request: BUTTON_DATA_INVALID
Traceback (most recent call last):
  File "C:\Users\Mihail\Documents\python\Rfab_Library\.venv\Lib\site-packages\aiogram\dispatcher\dispatcher.py", line 309, in _process_update
    response = await self.feed_update(bot, update, **kwargs)
               ^^^^^^^^^^^^^^^^^^^^^^^^^^^^^^^^^^^^^^^^^^^^^
  File "C:\Users\Mihail\Documents\python\Rfab_Library\.venv\Lib\site-packages\aiogram\dispatcher\dispatcher.py", line 158, in feed_update
    response = await self.update.wrap_outer_middleware(
               ^^^^^^^^^^^^^^^^^^^^^^^^^^^^^^^^^^^^^^^^
    ...<7 lines>...
    )
    ^
  File "C:\Users\Mihail\Documents\python\Rfab_Library\.venv\Lib\site-packages\aiogram\dispatcher\middlewares\error.py", line 25, in __call__
    return await handler(event, data)
           ^^^^^^^^^^^^^^^^^^^^^^^^^^
  File "C:\Users\Mihail\Documents\python\Rfab_Library\.venv\Lib\site-packages\aiogram\dispatcher\middlewares\user_context.py", line 56, in __call__
    return await handler(event, data)
           ^^^^^^^^^^^^^^^^^^^^^^^^^^
  File "C:\Users\Mihail\Documents\python\Rfab_Library\.venv\Lib\site-packages\aiogram\fsm\middleware.py", line 42, in __call__
    return await handler(event, data)
           ^^^^^^^^^^^^^^^^^^^^^^^^^^
  File "C:\Users\Mihail\Documents\python\Rfab_Library\.venv\Lib\site-packages\aiogram\dispatcher\event\telegram.py", line 121, in trigger
    return await wrapped_inner(event, kwargs)
           ^^^^^^^^^^^^^^^^^^^^^^^^^^^^^^^^^^
  File "C:\Users\Mihail\Documents\python\Rfab_Library\.venv\Lib\site-packages\aiogram\dispatcher\event\handler.py", line 43, in call
    return await wrapped()
           ^^^^^^^^^^^^^^^
  File "C:\Users\Mihail\Documents\python\Rfab_Library\.venv\Lib\site-packages\aiogram\dispatcher\dispatcher.py", line 276, in _listen_update
    return await self.propagate_event(update_type=update_type, event=event, **kwargs)
           ^^^^^^^^^^^^^^^^^^^^^^^^^^^^^^^^^^^^^^^^^^^^^^^^^^^^^^^^^^^^^^^^^^^^^^^^^^
  File "C:\Users\Mihail\Documents\python\Rfab_Library\.venv\Lib\site-packages\aiogram\dispatcher\router.py", line 146, in propagate_event
    return await observer.wrap_outer_middleware(_wrapped, event=event, data=kwargs)
           ^^^^^^^^^^^^^^^^^^^^^^^^^^^^^^^^^^^^^^^^^^^^^^^^^^^^^^^^^^^^^^^^^^^^^^^^
  File "C:\Users\Mihail\Documents\python\Rfab_Library\.venv\Lib\site-packages\aiogram\dispatcher\router.py", line 141, in _wrapped
    return await self._propagate_event(
           ^^^^^^^^^^^^^^^^^^^^^^^^^^^^
        observer=observer, update_type=update_type, event=telegram_event, **data
        ^^^^^^^^^^^^^^^^^^^^^^^^^^^^^^^^^^^^^^^^^^^^^^^^^^^^^^^^^^^^^^^^^^^^^^^^
    )
    ^
  File "C:\Users\Mihail\Documents\python\Rfab_Library\.venv\Lib\site-packages\aiogram\dispatcher\router.py", line 174, in _propagate_event
    response = await router.propagate_event(update_type=update_type, event=event, **kwargs)
               ^^^^^^^^^^^^^^^^^^^^^^^^^^^^^^^^^^^^^^^^^^^^^^^^^^^^^^^^^^^^^^^^^^^^^^^^^^^^
  File "C:\Users\Mihail\Documents\python\Rfab_Library\.venv\Lib\site-packages\aiogram\dispatcher\router.py", line 146, in propagate_event
    return await observer.wrap_outer_middleware(_wrapped, event=event, data=kwargs)
           ^^^^^^^^^^^^^^^^^^^^^^^^^^^^^^^^^^^^^^^^^^^^^^^^^^^^^^^^^^^^^^^^^^^^^^^^
  File "C:\Users\Mihail\Documents\python\Rfab_Library\.venv\Lib\site-packages\aiogram\dispatcher\router.py", line 141, in _wrapped
    return await self._propagate_event(
           ^^^^^^^^^^^^^^^^^^^^^^^^^^^^
        observer=observer, update_type=update_type, event=telegram_event, **data
        ^^^^^^^^^^^^^^^^^^^^^^^^^^^^^^^^^^^^^^^^^^^^^^^^^^^^^^^^^^^^^^^^^^^^^^^^
    )
    ^
  File "C:\Users\Mihail\Documents\python\Rfab_Library\.venv\Lib\site-packages\aiogram\dispatcher\router.py", line 166, in _propagate_event
    response = await observer.trigger(event, **kwargs)
               ^^^^^^^^^^^^^^^^^^^^^^^^^^^^^^^^^^^^^^^
  File "C:\Users\Mihail\Documents\python\Rfab_Library\.venv\Lib\site-packages\aiogram\dispatcher\event\telegram.py", line 121, in trigger
    return await wrapped_inner(event, kwargs)
           ^^^^^^^^^^^^^^^^^^^^^^^^^^^^^^^^^^
  File "C:\Users\Mihail\Documents\python\Rfab_Library\.venv\Lib\site-packages\aiogram\dispatcher\event\handler.py", line 43, in call
    return await wrapped()
           ^^^^^^^^^^^^^^^
  File "C:\Users\Mihail\Documents\python\Rfab_Library\menu\menu.py", line 38, in section_selected
    await callback.message.edit_text(
    ...<2 lines>...
    )
  File "C:\Users\Mihail\Documents\python\Rfab_Library\.venv\Lib\site-packages\aiogram\methods\base.py", line 84, in emit
    return await bot(self)
           ^^^^^^^^^^^^^^^
  File "C:\Users\Mihail\Documents\python\Rfab_Library\.venv\Lib\site-packages\aiogram\client\bot.py", line 485, in __call__
    return await self.session(self, method, timeout=request_timeout)
           ^^^^^^^^^^^^^^^^^^^^^^^^^^^^^^^^^^^^^^^^^^^^^^^^^^^^^^^^^
  File "C:\Users\Mihail\Documents\python\Rfab_Library\.venv\Lib\site-packages\aiogram\client\session\base.py", line 254, in __call__
    return cast(TelegramType, await middleware(bot, method))
                              ^^^^^^^^^^^^^^^^^^^^^^^^^^^^^
  File "C:\Users\Mihail\Documents\python\Rfab_Library\.venv\Lib\site-packages\aiogram\client\session\aiohttp.py", line 185, in make_request
    response = self.check_response(
        bot=bot, method=method, status_code=resp.status, content=raw_result
    )
  File "C:\Users\Mihail\Documents\python\Rfab_Library\.venv\Lib\site-packages\aiogram\client\session\base.py", line 120, in check_response
    raise TelegramBadRequest(method=method, message=description)
aiogram.exceptions.TelegramBadRequest: Telegram server says - Bad Request: BUTTON_DATA_INVALID
2025-11-04 20:20:46,165 [ERROR] [aiogram.dispatcher] Failed to fetch updates - TelegramNetworkError: HTTP Client says - ServerDisconnectedError: Server disconnected
2025-11-04 20:20:46,165 [WARNING] [aiogram.dispatcher] Sleep for 1.000000 seconds and try again... (tryings = 0, bot id = 8563450942)
2025-11-04 20:20:46,429 [INFO] [__main__] 🛑 Бот остановлен вручную (KeyboardInterrupt)
2025-11-04 20:20:48,161 [INFO] [root] ✅ Логирование инициализировано
2025-11-04 20:20:48,497 [INFO] [__main__] ▶️ Запуск long polling
2025-11-04 20:21:00,386 [ERROR] [aiogram.event] Cause exception while process update id=719443048 by bot id=8563450942
TelegramBadRequest: Telegram server says - Bad Request: BUTTON_DATA_INVALID
Traceback (most recent call last):
  File "C:\Users\Mihail\Documents\python\Rfab_Library\.venv\Lib\site-packages\aiogram\dispatcher\dispatcher.py", line 309, in _process_update
    response = await self.feed_update(bot, update, **kwargs)
               ^^^^^^^^^^^^^^^^^^^^^^^^^^^^^^^^^^^^^^^^^^^^^
  File "C:\Users\Mihail\Documents\python\Rfab_Library\.venv\Lib\site-packages\aiogram\dispatcher\dispatcher.py", line 158, in feed_update
    response = await self.update.wrap_outer_middleware(
               ^^^^^^^^^^^^^^^^^^^^^^^^^^^^^^^^^^^^^^^^
    ...<7 lines>...
    )
    ^
  File "C:\Users\Mihail\Documents\python\Rfab_Library\.venv\Lib\site-packages\aiogram\dispatcher\middlewares\error.py", line 25, in __call__
    return await handler(event, data)
           ^^^^^^^^^^^^^^^^^^^^^^^^^^
  File "C:\Users\Mihail\Documents\python\Rfab_Library\.venv\Lib\site-packages\aiogram\dispatcher\middlewares\user_context.py", line 56, in __call__
    return await handler(event, data)
           ^^^^^^^^^^^^^^^^^^^^^^^^^^
  File "C:\Users\Mihail\Documents\python\Rfab_Library\.venv\Lib\site-packages\aiogram\fsm\middleware.py", line 42, in __call__
    return await handler(event, data)
           ^^^^^^^^^^^^^^^^^^^^^^^^^^
  File "C:\Users\Mihail\Documents\python\Rfab_Library\.venv\Lib\site-packages\aiogram\dispatcher\event\telegram.py", line 121, in trigger
    return await wrapped_inner(event, kwargs)
           ^^^^^^^^^^^^^^^^^^^^^^^^^^^^^^^^^^
  File "C:\Users\Mihail\Documents\python\Rfab_Library\.venv\Lib\site-packages\aiogram\dispatcher\event\handler.py", line 43, in call
    return await wrapped()
           ^^^^^^^^^^^^^^^
  File "C:\Users\Mihail\Documents\python\Rfab_Library\.venv\Lib\site-packages\aiogram\dispatcher\dispatcher.py", line 276, in _listen_update
    return await self.propagate_event(update_type=update_type, event=event, **kwargs)
           ^^^^^^^^^^^^^^^^^^^^^^^^^^^^^^^^^^^^^^^^^^^^^^^^^^^^^^^^^^^^^^^^^^^^^^^^^^
  File "C:\Users\Mihail\Documents\python\Rfab_Library\.venv\Lib\site-packages\aiogram\dispatcher\router.py", line 146, in propagate_event
    return await observer.wrap_outer_middleware(_wrapped, event=event, data=kwargs)
           ^^^^^^^^^^^^^^^^^^^^^^^^^^^^^^^^^^^^^^^^^^^^^^^^^^^^^^^^^^^^^^^^^^^^^^^^
  File "C:\Users\Mihail\Documents\python\Rfab_Library\.venv\Lib\site-packages\aiogram\dispatcher\router.py", line 141, in _wrapped
    return await self._propagate_event(
           ^^^^^^^^^^^^^^^^^^^^^^^^^^^^
        observer=observer, update_type=update_type, event=telegram_event, **data
        ^^^^^^^^^^^^^^^^^^^^^^^^^^^^^^^^^^^^^^^^^^^^^^^^^^^^^^^^^^^^^^^^^^^^^^^^
    )
    ^
  File "C:\Users\Mihail\Documents\python\Rfab_Library\.venv\Lib\site-packages\aiogram\dispatcher\router.py", line 174, in _propagate_event
    response = await router.propagate_event(update_type=update_type, event=event, **kwargs)
               ^^^^^^^^^^^^^^^^^^^^^^^^^^^^^^^^^^^^^^^^^^^^^^^^^^^^^^^^^^^^^^^^^^^^^^^^^^^^
  File "C:\Users\Mihail\Documents\python\Rfab_Library\.venv\Lib\site-packages\aiogram\dispatcher\router.py", line 146, in propagate_event
    return await observer.wrap_outer_middleware(_wrapped, event=event, data=kwargs)
           ^^^^^^^^^^^^^^^^^^^^^^^^^^^^^^^^^^^^^^^^^^^^^^^^^^^^^^^^^^^^^^^^^^^^^^^^
  File "C:\Users\Mihail\Documents\python\Rfab_Library\.venv\Lib\site-packages\aiogram\dispatcher\router.py", line 141, in _wrapped
    return await self._propagate_event(
           ^^^^^^^^^^^^^^^^^^^^^^^^^^^^
        observer=observer, update_type=update_type, event=telegram_event, **data
        ^^^^^^^^^^^^^^^^^^^^^^^^^^^^^^^^^^^^^^^^^^^^^^^^^^^^^^^^^^^^^^^^^^^^^^^^
    )
    ^
  File "C:\Users\Mihail\Documents\python\Rfab_Library\.venv\Lib\site-packages\aiogram\dispatcher\router.py", line 166, in _propagate_event
    response = await observer.trigger(event, **kwargs)
               ^^^^^^^^^^^^^^^^^^^^^^^^^^^^^^^^^^^^^^^
  File "C:\Users\Mihail\Documents\python\Rfab_Library\.venv\Lib\site-packages\aiogram\dispatcher\event\telegram.py", line 121, in trigger
    return await wrapped_inner(event, kwargs)
           ^^^^^^^^^^^^^^^^^^^^^^^^^^^^^^^^^^
  File "C:\Users\Mihail\Documents\python\Rfab_Library\.venv\Lib\site-packages\aiogram\dispatcher\event\handler.py", line 43, in call
    return await wrapped()
           ^^^^^^^^^^^^^^^
  File "C:\Users\Mihail\Documents\python\Rfab_Library\menu\menu.py", line 38, in section_selected
    await callback.message.edit_text(
    ...<2 lines>...
    )
  File "C:\Users\Mihail\Documents\python\Rfab_Library\.venv\Lib\site-packages\aiogram\methods\base.py", line 84, in emit
    return await bot(self)
           ^^^^^^^^^^^^^^^
  File "C:\Users\Mihail\Documents\python\Rfab_Library\.venv\Lib\site-packages\aiogram\client\bot.py", line 485, in __call__
    return await self.session(self, method, timeout=request_timeout)
           ^^^^^^^^^^^^^^^^^^^^^^^^^^^^^^^^^^^^^^^^^^^^^^^^^^^^^^^^^
  File "C:\Users\Mihail\Documents\python\Rfab_Library\.venv\Lib\site-packages\aiogram\client\session\base.py", line 254, in __call__
    return cast(TelegramType, await middleware(bot, method))
                              ^^^^^^^^^^^^^^^^^^^^^^^^^^^^^
  File "C:\Users\Mihail\Documents\python\Rfab_Library\.venv\Lib\site-packages\aiogram\client\session\aiohttp.py", line 185, in make_request
    response = self.check_response(
        bot=bot, method=method, status_code=resp.status, content=raw_result
    )
  File "C:\Users\Mihail\Documents\python\Rfab_Library\.venv\Lib\site-packages\aiogram\client\session\base.py", line 120, in check_response
    raise TelegramBadRequest(method=method, message=description)
aiogram.exceptions.TelegramBadRequest: Telegram server says - Bad Request: BUTTON_DATA_INVALID
2025-11-04 20:27:20,727 [ERROR] [aiogram.dispatcher] Failed to fetch updates - TelegramNetworkError: HTTP Client says - ServerDisconnectedError: Server disconnected
2025-11-04 20:27:20,727 [WARNING] [aiogram.dispatcher] Sleep for 1.000000 seconds and try again... (tryings = 0, bot id = 8563450942)
2025-11-04 20:27:20,985 [INFO] [__main__] 🛑 Бот остановлен вручную (KeyboardInterrupt)
2025-11-04 20:27:52,989 [INFO] [root] ✅ Логирование инициализировано
2025-11-04 20:27:53,348 [INFO] [__main__] ▶️ Запуск long polling
2025-11-04 20:28:05,179 [ERROR] [aiogram.event] Cause exception while process update id=719443050 by bot id=8563450942
TypeError: 'int' object is not subscriptable
Traceback (most recent call last):
  File "C:\Users\Mihail\Documents\python\Rfab_Library\.venv\Lib\site-packages\aiogram\dispatcher\dispatcher.py", line 309, in _process_update
    response = await self.feed_update(bot, update, **kwargs)
               ^^^^^^^^^^^^^^^^^^^^^^^^^^^^^^^^^^^^^^^^^^^^^
  File "C:\Users\Mihail\Documents\python\Rfab_Library\.venv\Lib\site-packages\aiogram\dispatcher\dispatcher.py", line 158, in feed_update
    response = await self.update.wrap_outer_middleware(
               ^^^^^^^^^^^^^^^^^^^^^^^^^^^^^^^^^^^^^^^^
    ...<7 lines>...
    )
    ^
  File "C:\Users\Mihail\Documents\python\Rfab_Library\.venv\Lib\site-packages\aiogram\dispatcher\middlewares\error.py", line 25, in __call__
    return await handler(event, data)
           ^^^^^^^^^^^^^^^^^^^^^^^^^^
  File "C:\Users\Mihail\Documents\python\Rfab_Library\.venv\Lib\site-packages\aiogram\dispatcher\middlewares\user_context.py", line 56, in __call__
    return await handler(event, data)
           ^^^^^^^^^^^^^^^^^^^^^^^^^^
  File "C:\Users\Mihail\Documents\python\Rfab_Library\.venv\Lib\site-packages\aiogram\fsm\middleware.py", line 42, in __call__
    return await handler(event, data)
           ^^^^^^^^^^^^^^^^^^^^^^^^^^
  File "C:\Users\Mihail\Documents\python\Rfab_Library\.venv\Lib\site-packages\aiogram\dispatcher\event\telegram.py", line 121, in trigger
    return await wrapped_inner(event, kwargs)
           ^^^^^^^^^^^^^^^^^^^^^^^^^^^^^^^^^^
  File "C:\Users\Mihail\Documents\python\Rfab_Library\.venv\Lib\site-packages\aiogram\dispatcher\event\handler.py", line 43, in call
    return await wrapped()
           ^^^^^^^^^^^^^^^
  File "C:\Users\Mihail\Documents\python\Rfab_Library\.venv\Lib\site-packages\aiogram\dispatcher\dispatcher.py", line 276, in _listen_update
    return await self.propagate_event(update_type=update_type, event=event, **kwargs)
           ^^^^^^^^^^^^^^^^^^^^^^^^^^^^^^^^^^^^^^^^^^^^^^^^^^^^^^^^^^^^^^^^^^^^^^^^^^
  File "C:\Users\Mihail\Documents\python\Rfab_Library\.venv\Lib\site-packages\aiogram\dispatcher\router.py", line 146, in propagate_event
    return await observer.wrap_outer_middleware(_wrapped, event=event, data=kwargs)
           ^^^^^^^^^^^^^^^^^^^^^^^^^^^^^^^^^^^^^^^^^^^^^^^^^^^^^^^^^^^^^^^^^^^^^^^^
  File "C:\Users\Mihail\Documents\python\Rfab_Library\.venv\Lib\site-packages\aiogram\dispatcher\router.py", line 141, in _wrapped
    return await self._propagate_event(
           ^^^^^^^^^^^^^^^^^^^^^^^^^^^^
        observer=observer, update_type=update_type, event=telegram_event, **data
        ^^^^^^^^^^^^^^^^^^^^^^^^^^^^^^^^^^^^^^^^^^^^^^^^^^^^^^^^^^^^^^^^^^^^^^^^
    )
    ^
  File "C:\Users\Mihail\Documents\python\Rfab_Library\.venv\Lib\site-packages\aiogram\dispatcher\router.py", line 174, in _propagate_event
    response = await router.propagate_event(update_type=update_type, event=event, **kwargs)
               ^^^^^^^^^^^^^^^^^^^^^^^^^^^^^^^^^^^^^^^^^^^^^^^^^^^^^^^^^^^^^^^^^^^^^^^^^^^^
  File "C:\Users\Mihail\Documents\python\Rfab_Library\.venv\Lib\site-packages\aiogram\dispatcher\router.py", line 146, in propagate_event
    return await observer.wrap_outer_middleware(_wrapped, event=event, data=kwargs)
           ^^^^^^^^^^^^^^^^^^^^^^^^^^^^^^^^^^^^^^^^^^^^^^^^^^^^^^^^^^^^^^^^^^^^^^^^
  File "C:\Users\Mihail\Documents\python\Rfab_Library\.venv\Lib\site-packages\aiogram\dispatcher\router.py", line 141, in _wrapped
    return await self._propagate_event(
           ^^^^^^^^^^^^^^^^^^^^^^^^^^^^
        observer=observer, update_type=update_type, event=telegram_event, **data
        ^^^^^^^^^^^^^^^^^^^^^^^^^^^^^^^^^^^^^^^^^^^^^^^^^^^^^^^^^^^^^^^^^^^^^^^^
    )
    ^
  File "C:\Users\Mihail\Documents\python\Rfab_Library\.venv\Lib\site-packages\aiogram\dispatcher\router.py", line 166, in _propagate_event
    response = await observer.trigger(event, **kwargs)
               ^^^^^^^^^^^^^^^^^^^^^^^^^^^^^^^^^^^^^^^
  File "C:\Users\Mihail\Documents\python\Rfab_Library\.venv\Lib\site-packages\aiogram\dispatcher\event\telegram.py", line 121, in trigger
    return await wrapped_inner(event, kwargs)
           ^^^^^^^^^^^^^^^^^^^^^^^^^^^^^^^^^^
  File "C:\Users\Mihail\Documents\python\Rfab_Library\.venv\Lib\site-packages\aiogram\dispatcher\event\handler.py", line 43, in call
    return await wrapped()
           ^^^^^^^^^^^^^^^
  File "C:\Users\Mihail\Documents\python\Rfab_Library\menu\menu.py", line 50, in handle_callback
    await callback.message.edit_text(f"Раздел: {full_path.split('>')[-1]}", reply_markup=build_keyboard(level, full_path))
                                                                                         ~~~~~~~~~~~~~~^^^^^^^^^^^^^^^^^^
  File "C:\Users\Mihail\Documents\python\Rfab_Library\kb\kb_menu.py", line 20, in build_keyboard
    builder.button(text="⬅ Назад", callback_data="back_" + str(abs(hash(path))[:20]))
                                                               ~~~~~~~~~~~~~~~^^^^^
TypeError: 'int' object is not subscriptable
2025-11-04 20:29:49,370 [ERROR] [aiogram.dispatcher] Failed to fetch updates - TelegramNetworkError: HTTP Client says - ServerDisconnectedError: Server disconnected
2025-11-04 20:29:49,370 [WARNING] [aiogram.dispatcher] Sleep for 1.000000 seconds and try again... (tryings = 0, bot id = 8563450942)
2025-11-04 20:29:49,631 [INFO] [__main__] 🛑 Бот остановлен вручную (KeyboardInterrupt)
2025-11-04 20:29:51,368 [INFO] [root] ✅ Логирование инициализировано
2025-11-04 20:29:51,704 [INFO] [__main__] ▶️ Запуск long polling
2025-11-04 20:34:06,258 [ERROR] [aiogram.dispatcher] Failed to fetch updates - TelegramNetworkError: HTTP Client says - ServerDisconnectedError: Server disconnected
2025-11-04 20:34:06,258 [WARNING] [aiogram.dispatcher] Sleep for 1.000000 seconds and try again... (tryings = 0, bot id = 8563450942)
2025-11-04 20:34:06,520 [INFO] [__main__] 🛑 Бот остановлен вручную (KeyboardInterrupt)
2025-11-04 20:34:08,281 [INFO] [root] ✅ Логирование инициализировано
2025-11-04 20:34:08,610 [INFO] [__main__] ▶️ Запуск long polling
2025-11-04 20:39:49,748 [ERROR] [aiogram.dispatcher] Failed to fetch updates - TelegramNetworkError: HTTP Client says - ServerDisconnectedError: Server disconnected
2025-11-04 20:39:49,748 [WARNING] [aiogram.dispatcher] Sleep for 1.000000 seconds and try again... (tryings = 0, bot id = 8563450942)
2025-11-04 20:39:50,004 [INFO] [__main__] 🛑 Бот остановлен вручную (KeyboardInterrupt)
2025-11-04 20:39:51,758 [INFO] [root] ✅ Логирование инициализировано
2025-11-04 20:39:52,112 [INFO] [__main__] ▶️ Запуск long polling
2025-11-04 20:40:15,958 [ERROR] [aiogram.dispatcher] Failed to fetch updates - TelegramNetworkError: HTTP Client says - ServerDisconnectedError: Server disconnected
2025-11-04 20:40:15,958 [WARNING] [aiogram.dispatcher] Sleep for 1.000000 seconds and try again... (tryings = 0, bot id = 8563450942)
2025-11-04 20:40:16,216 [INFO] [__main__] 🛑 Бот остановлен вручную (KeyboardInterrupt)
